# JRE version: OpenJDK Runtime Environment (8.0_152-b01) (build 1.8.0_152-release-915-b01)
# Java VM: OpenJDK 64-Bit Server VM (25.152-b01 mixed mode windows-amd64 compressed oops)
Heap:
 PSYoungGen      total 162304K, used 40335K [0x00000000e0000000, 0x00000000ec800000, 0x0000000100000000)
  eden space 140800K, 20% used [0x00000000e0000000,0x00000000e1c20c38,0x00000000e8980000)
  from space 21504K, 53% used [0x00000000e8980000,0x00000000e94c3348,0x00000000e9e80000)
  to   space 20992K, 0% used [0x00000000eb380000,0x00000000eb380000,0x00000000ec800000)
 ParOldGen       total 175616K, used 39955K [0x00000000a0000000, 0x00000000aab80000, 0x00000000e0000000)
  object space 175616K, 22% used [0x00000000a0000000,0x00000000a2704da0,0x00000000aab80000)
 Metaspace       used 61487K, capacity 63614K, committed 63704K, reserved 1103872K
  class space    used 8157K, capacity 8638K, committed 8704K, reserved 1048576K
GC Heap History (10 events):
Event: 8.255 GC heap before
{Heap before GC invocations=10 (full 2):
 PSYoungGen      total 102400K, used 91648K [0x00000000e0000000, 0x00000000e9180000, 0x0000000100000000)
  eden space 91648K, 100% used [0x00000000e0000000,0x00000000e5980000,0x00000000e5980000)
  from space 10752K, 0% used [0x00000000e5980000,0x00000000e5980000,0x00000000e6400000)
  to   space 11776K, 0% used [0x00000000e8600000,0x00000000e8600000,0x00000000e9180000)
 ParOldGen       total 109056K, used 15793K [0x00000000a0000000, 0x00000000a6a80000, 0x00000000e0000000)
  object space 109056K, 14% used [0x00000000a0000000,0x00000000a0f6c6c8,0x00000000a6a80000)
 Metaspace       used 40679K, capacity 41506K, committed 41816K, reserved 1085440K
  class space    used 5398K, capacity 5679K, committed 5760K, reserved 1048576K
Event: 8.275 GC heap after
Heap after GC invocations=10 (full 2):
 PSYoungGen      total 133120K, used 9775K [0x00000000e0000000, 0x00000000e9000000, 0x0000000100000000)
  eden space 122880K, 0% used [0x00000000e0000000,0x00000000e0000000,0x00000000e7800000)
  from space 10240K, 95% used [0x00000000e8600000,0x00000000e8f8bf28,0x00000000e9000000)
  to   space 12288K, 0% used [0x00000000e7800000,0x00000000e7800000,0x00000000e8400000)
 ParOldGen       total 109056K, used 15801K [0x00000000a0000000, 0x00000000a6a80000, 0x00000000e0000000)
  object space 109056K, 14% used [0x00000000a0000000,0x00000000a0f6e6c8,0x00000000a6a80000)
 Metaspace       used 40679K, capacity 41506K, committed 41816K, reserved 1085440K
  class space    used 5398K, capacity 5679K, committed 5760K, reserved 1048576K
}
Event: 11.103 GC heap before
{Heap before GC invocations=11 (full 2):
 PSYoungGen      total 133120K, used 132655K [0x00000000e0000000, 0x00000000e9000000, 0x0000000100000000)
  eden space 122880K, 100% used [0x00000000e0000000,0x00000000e7800000,0x00000000e7800000)
  from space 10240K, 95% used [0x00000000e8600000,0x00000000e8f8bf28,0x00000000e9000000)
  to   space 12288K, 0% used [0x00000000e7800000,0x00000000e7800000,0x00000000e8400000)
 ParOldGen       total 109056K, used 15801K [0x00000000a0000000, 0x00000000a6a80000, 0x00000000e0000000)
  object space 109056K, 14% used [0x00000000a0000000,0x00000000a0f6e6c8,0x00000000a6a80000)
 Metaspace       used 50855K, capacity 52530K, committed 52696K, reserved 1095680K
  class space    used 6891K, capacity 7336K, committed 7424K, reserved 1048576K
Event: 11.130 GC heap after
Heap after GC invocations=11 (full 2):
 PSYoungGen      total 135168K, used 12264K [0x00000000e0000000, 0x00000000eae00000, 0x0000000100000000)
  eden space 122880K, 0% used [0x00000000e0000000,0x00000000e0000000,0x00000000e7800000)
  from space 12288K, 99% used [0x00000000e7800000,0x00000000e83fa030,0x00000000e8400000)
  to   space 15872K, 0% used [0x00000000e9e80000,0x00000000e9e80000,0x00000000eae00000)
 ParOldGen       total 109056K, used 20979K [0x00000000a0000000, 0x00000000a6a80000, 0x00000000e0000000)
  object space 109056K, 19% used [0x00000000a0000000,0x00000000a147ce00,0x00000000a6a80000)
 Metaspace       used 50855K, capacity 52530K, committed 52696K, reserved 1095680K
  class space    used 6891K, capacity 7336K, committed 7424K, reserved 1048576K
}
Event: 13.583 GC heap before
{Heap before GC invocations=12 (full 2):
 PSYoungGen      total 135168K, used 126014K [0x00000000e0000000, 0x00000000eae00000, 0x0000000100000000)
  eden space 122880K, 92% used [0x00000000e0000000,0x00000000e6f158d0,0x00000000e7800000)
  from space 12288K, 99% used [0x00000000e7800000,0x00000000e83fa030,0x00000000e8400000)
  to   space 15872K, 0% used [0x00000000e9e80000,0x00000000e9e80000,0x00000000eae00000)
 ParOldGen       total 109056K, used 20979K [0x00000000a0000000, 0x00000000a6a80000, 0x00000000e0000000)
  object space 109056K, 19% used [0x00000000a0000000,0x00000000a147ce00,0x00000000a6a80000)
 Metaspace       used 57121K, capacity 58918K, committed 59028K, reserved 1099776K
  class space    used 7699K, capacity 8170K, committed 8192K, reserved 1048576K
Event: 13.628 GC heap after
Heap after GC invocations=12 (full 2):
 PSYoungGen      total 156672K, used 15844K [0x00000000e0000000, 0x00000000ebb00000, 0x0000000100000000)
  eden space 140800K, 0% used [0x00000000e0000000,0x00000000e0000000,0x00000000e8980000)
  from space 15872K, 99% used [0x00000000e9e80000,0x00000000eadf93f0,0x00000000eae00000)
  to   space 21504K, 0% used [0x00000000e8980000,0x00000000e8980000,0x00000000e9e80000)
 ParOldGen       total 109056K, used 32098K [0x00000000a0000000, 0x00000000a6a80000, 0x00000000e0000000)
  object space 109056K, 29% used [0x00000000a0000000,0x00000000a1f58918,0x00000000a6a80000)
 Metaspace       used 57121K, capacity 58918K, committed 59028K, reserved 1099776K
  class space    used 7699K, capacity 8170K, committed 8192K, reserved 1048576K
}
Event: 13.628 GC heap before
{Heap before GC invocations=13 (full 3):
 PSYoungGen      total 156672K, used 15844K [0x00000000e0000000, 0x00000000ebb00000, 0x0000000100000000)
  eden space 140800K, 0% used [0x00000000e0000000,0x00000000e0000000,0x00000000e8980000)
  from space 15872K, 99% used [0x00000000e9e80000,0x00000000eadf93f0,0x00000000eae00000)
  to   space 21504K, 0% used [0x00000000e8980000,0x00000000e8980000,0x00000000e9e80000)
 ParOldGen       total 109056K, used 32098K [0x00000000a0000000, 0x00000000a6a80000, 0x00000000e0000000)
  object space 109056K, 29% used [0x00000000a0000000,0x00000000a1f58918,0x00000000a6a80000)
 Metaspace       used 57121K, capacity 58918K, committed 59028K, reserved 1099776K
  class space    used 7699K, capacity 8170K, committed 8192K, reserved 1048576K
Event: 13.966 GC heap after
Heap after GC invocations=13 (full 3):
 PSYoungGen      total 156672K, used 0K [0x00000000e0000000, 0x00000000ebb00000, 0x0000000100000000)
  eden space 140800K, 0% used [0x00000000e0000000,0x00000000e0000000,0x00000000e8980000)
  from space 15872K, 0% used [0x00000000e9e80000,0x00000000e9e80000,0x00000000eae00000)
  to   space 21504K, 0% used [0x00000000e8980000,0x00000000e8980000,0x00000000e9e80000)
 ParOldGen       total 175616K, used 39947K [0x00000000a0000000, 0x00000000aab80000, 0x00000000e0000000)
  object space 175616K, 22% used [0x00000000a0000000,0x00000000a2702da0,0x00000000aab80000)
 Metaspace       used 57121K, capacity 58918K, committed 59028K, reserved 1099776K
  class space    used 7699K, capacity 8170K, committed 8192K, reserved 1048576K
}
Event: 18.270 GC heap before
{Heap before GC invocations=14 (full 3):
 PSYoungGen      total 156672K, used 140800K [0x00000000e0000000, 0x00000000ebb00000, 0x0000000100000000)
  eden space 140800K, 100% used [0x00000000e0000000,0x00000000e8980000,0x00000000e8980000)
  from space 15872K, 0% used [0x00000000e9e80000,0x00000000e9e80000,0x00000000eae00000)
  to   space 21504K, 0% used [0x00000000e8980000,0x00000000e8980000,0x00000000e9e80000)
 ParOldGen       total 175616K, used 39947K [0x00000000a0000000, 0x00000000aab80000, 0x00000000e0000000)
  object space 175616K, 22% used [0x00000000a0000000,0x00000000a2702da0,0x00000000aab80000)
 Metaspace       used 60737K, capacity 62774K, committed 62808K, reserved 1103872K
  class space    used 8084K, capacity 8560K, committed 8576K, reserved 1048576K
Event: 18.296 GC heap after
Heap after GC invocations=14 (full 3):
 PSYoungGen      total 162304K, used 11532K [0x00000000e0000000, 0x00000000ec800000, 0x0000000100000000)
  eden space 140800K, 0% used [0x00000000e0000000,0x00000000e0000000,0x00000000e8980000)
  from space 21504K, 53% used [0x00000000e8980000,0x00000000e94c3348,0x00000000e9e80000)
  to   space 20992K, 0% used [0x00000000eb380000,0x00000000eb380000,0x00000000ec800000)
 ParOldGen       total 175616K, used 39955K [0x00000000a0000000, 0x00000000aab80000, 0x00000000e0000000)
  object space 175616K, 22% used [0x00000000a0000000,0x00000000a2704da0,0x00000000aab80000)
 Metaspace       used 60737K, capacity 62774K, committed 62808K, reserved 1103872K
  class space    used 8084K, capacity 8560K, committed 8576K, reserved 1048576K
}

