# JRE version: OpenJDK Runtime Environment (8.0_152-b01) (build 1.8.0_152-release-915-b01)
# Java VM: OpenJDK 64-Bit Server VM (25.152-b01 mixed mode windows-amd64 compressed oops)
Heap:
 PSYoungGen      total 174080K, used 70225K [0x00000000e0000000, 0x00000000ecb80000, 0x0000000100000000)
  eden space 157696K, 44% used [0x00000000e0000000,0x00000000e4494528,0x00000000e9a00000)
  from space 16384K, 0% used [0x00000000eae00000,0x00000000eae00000,0x00000000ebe00000)
  to   space 20480K, 0% used [0x00000000e9a00000,0x00000000e9a00000,0x00000000eae00000)
 ParOldGen       total 160768K, used 35219K [0x00000000a0000000, 0x00000000a9d00000, 0x00000000e0000000)
  object space 160768K, 21% used [0x00000000a0000000,0x00000000a2264fb0,0x00000000a9d00000)
 Metaspace       used 60656K, capacity 62566K, committed 62808K, reserved 1103872K
  class space    used 8026K, capacity 8464K, committed 8576K, reserved 1048576K
GC Heap History (10 events):
Event: 9.297 GC heap before
{Heap before GC invocations=9 (full 2):
 PSYoungGen      total 108032K, used 9715K [0x00000000e0000000, 0x00000000ea100000, 0x0000000100000000)
  eden space 97280K, 0% used [0x00000000e0000000,0x00000000e0000000,0x00000000e5f00000)
  from space 10752K, 90% used [0x00000000e5f00000,0x00000000e687cec0,0x00000000e6980000)
  to   space 11776K, 0% used [0x00000000e9580000,0x00000000e9580000,0x00000000ea100000)
 ParOldGen       total 64000K, used 11129K [0x00000000a0000000, 0x00000000a3e80000, 0x00000000e0000000)
  object space 64000K, 17% used [0x00000000a0000000,0x00000000a0ade418,0x00000000a3e80000)
 Metaspace       used 34484K, capacity 35234K, committed 35416K, reserved 1079296K
  class space    used 4678K, capacity 4965K, committed 4992K, reserved 1048576K
Event: 9.432 GC heap after
Heap after GC invocations=9 (full 2):
 PSYoungGen      total 108032K, used 0K [0x00000000e0000000, 0x00000000ea100000, 0x0000000100000000)
  eden space 97280K, 0% used [0x00000000e0000000,0x00000000e0000000,0x00000000e5f00000)
  from space 10752K, 0% used [0x00000000e5f00000,0x00000000e5f00000,0x00000000e6980000)
  to   space 11776K, 0% used [0x00000000e9580000,0x00000000e9580000,0x00000000ea100000)
 ParOldGen       total 101888K, used 15814K [0x00000000a0000000, 0x00000000a6380000, 0x00000000e0000000)
  object space 101888K, 15% used [0x00000000a0000000,0x00000000a0f71878,0x00000000a6380000)
 Metaspace       used 34484K, capacity 35234K, committed 35416K, reserved 1079296K
  class space    used 4678K, capacity 4965K, committed 4992K, reserved 1048576K
}
Event: 11.572 GC heap before
{Heap before GC invocations=10 (full 2):
 PSYoungGen      total 108032K, used 97280K [0x00000000e0000000, 0x00000000ea100000, 0x0000000100000000)
  eden space 97280K, 100% used [0x00000000e0000000,0x00000000e5f00000,0x00000000e5f00000)
  from space 10752K, 0% used [0x00000000e5f00000,0x00000000e5f00000,0x00000000e6980000)
  to   space 11776K, 0% used [0x00000000e9580000,0x00000000e9580000,0x00000000ea100000)
 ParOldGen       total 101888K, used 15814K [0x00000000a0000000, 0x00000000a6380000, 0x00000000e0000000)
  object space 101888K, 15% used [0x00000000a0000000,0x00000000a0f71878,0x00000000a6380000)
 Metaspace       used 40963K, capacity 41762K, committed 42072K, reserved 1085440K
  class space    used 5445K, capacity 5721K, committed 5760K, reserved 1048576K
Event: 11.594 GC heap after
Heap after GC invocations=10 (full 2):
 PSYoungGen      total 143872K, used 10552K [0x00000000e0000000, 0x00000000ea000000, 0x0000000100000000)
  eden space 133120K, 0% used [0x00000000e0000000,0x00000000e0000000,0x00000000e8200000)
  from space 10752K, 98% used [0x00000000e9580000,0x00000000e9fce128,0x00000000ea000000)
  to   space 12288K, 0% used [0x00000000e8800000,0x00000000e8800000,0x00000000e9400000)
 ParOldGen       total 101888K, used 15822K [0x00000000a0000000, 0x00000000a6380000, 0x00000000e0000000)
  object space 101888K, 15% used [0x00000000a0000000,0x00000000a0f73878,0x00000000a6380000)
 Metaspace       used 40963K, capacity 41762K, committed 42072K, reserved 1085440K
  class space    used 5445K, capacity 5721K, committed 5760K, reserved 1048576K
}
Event: 14.890 GC heap before
{Heap before GC invocations=11 (full 2):
 PSYoungGen      total 143872K, used 143672K [0x00000000e0000000, 0x00000000ea000000, 0x0000000100000000)
  eden space 133120K, 100% used [0x00000000e0000000,0x00000000e8200000,0x00000000e8200000)
  from space 10752K, 98% used [0x00000000e9580000,0x00000000e9fce128,0x00000000ea000000)
  to   space 12288K, 0% used [0x00000000e8800000,0x00000000e8800000,0x00000000e9400000)
 ParOldGen       total 101888K, used 15822K [0x00000000a0000000, 0x00000000a6380000, 0x00000000e0000000)
  object space 101888K, 15% used [0x00000000a0000000,0x00000000a0f73878,0x00000000a6380000)
 Metaspace       used 51799K, capacity 53498K, committed 53848K, reserved 1095680K
  class space    used 7028K, capacity 7442K, committed 7552K, reserved 1048576K
Event: 14.923 GC heap after
Heap after GC invocations=11 (full 2):
 PSYoungGen      total 151552K, used 12285K [0x00000000e0000000, 0x00000000ebe00000, 0x0000000100000000)
  eden space 139264K, 0% used [0x00000000e0000000,0x00000000e0000000,0x00000000e8800000)
  from space 12288K, 99% used [0x00000000e8800000,0x00000000e93ff4e0,0x00000000e9400000)
  to   space 16384K, 0% used [0x00000000eae00000,0x00000000eae00000,0x00000000ebe00000)
 ParOldGen       total 101888K, used 22336K [0x00000000a0000000, 0x00000000a6380000, 0x00000000e0000000)
  object space 101888K, 21% used [0x00000000a0000000,0x00000000a15d0290,0x00000000a6380000)
 Metaspace       used 51799K, capacity 53498K, committed 53848K, reserved 1095680K
  class space    used 7028K, capacity 7442K, committed 7552K, reserved 1048576K
}
Event: 20.629 GC heap before
{Heap before GC invocations=12 (full 2):
 PSYoungGen      total 151552K, used 151549K [0x00000000e0000000, 0x00000000ebe00000, 0x0000000100000000)
  eden space 139264K, 100% used [0x00000000e0000000,0x00000000e8800000,0x00000000e8800000)
  from space 12288K, 99% used [0x00000000e8800000,0x00000000e93ff4e0,0x00000000e9400000)
  to   space 16384K, 0% used [0x00000000eae00000,0x00000000eae00000,0x00000000ebe00000)
 ParOldGen       total 101888K, used 22336K [0x00000000a0000000, 0x00000000a6380000, 0x00000000e0000000)
  object space 101888K, 21% used [0x00000000a0000000,0x00000000a15d0290,0x00000000a6380000)
 Metaspace       used 57019K, capacity 58918K, committed 59028K, reserved 1099776K
  class space    used 7688K, capacity 8144K, committed 8192K, reserved 1048576K
Event: 20.677 GC heap after
Heap after GC invocations=12 (full 2):
 PSYoungGen      total 174080K, used 16377K [0x00000000e0000000, 0x00000000ecb80000, 0x0000000100000000)
  eden space 157696K, 0% used [0x00000000e0000000,0x00000000e0000000,0x00000000e9a00000)
  from space 16384K, 99% used [0x00000000eae00000,0x00000000ebdfe590,0x00000000ebe00000)
  to   space 20480K, 0% used [0x00000000e9a00000,0x00000000e9a00000,0x00000000eae00000)
 ParOldGen       total 101888K, used 27840K [0x00000000a0000000, 0x00000000a6380000, 0x00000000e0000000)
  object space 101888K, 27% used [0x00000000a0000000,0x00000000a1b301c8,0x00000000a6380000)
 Metaspace       used 57019K, capacity 58918K, committed 59028K, reserved 1099776K
  class space    used 7688K, capacity 8144K, committed 8192K, reserved 1048576K
}
Event: 20.677 GC heap before
{Heap before GC invocations=13 (full 3):
 PSYoungGen      total 174080K, used 16377K [0x00000000e0000000, 0x00000000ecb80000, 0x0000000100000000)
  eden space 157696K, 0% used [0x00000000e0000000,0x00000000e0000000,0x00000000e9a00000)
  from space 16384K, 99% used [0x00000000eae00000,0x00000000ebdfe590,0x00000000ebe00000)
  to   space 20480K, 0% used [0x00000000e9a00000,0x00000000e9a00000,0x00000000eae00000)
 ParOldGen       total 101888K, used 27840K [0x00000000a0000000, 0x00000000a6380000, 0x00000000e0000000)
  object space 101888K, 27% used [0x00000000a0000000,0x00000000a1b301c8,0x00000000a6380000)
 Metaspace       used 57019K, capacity 58918K, committed 59028K, reserved 1099776K
  class space    used 7688K, capacity 8144K, committed 8192K, reserved 1048576K
Event: 21.328 GC heap after
Heap after GC invocations=13 (full 3):
 PSYoungGen      total 174080K, used 0K [0x00000000e0000000, 0x00000000ecb80000, 0x0000000100000000)
  eden space 157696K, 0% used [0x00000000e0000000,0x00000000e0000000,0x00000000e9a00000)
  from space 16384K, 0% used [0x00000000eae00000,0x00000000eae00000,0x00000000ebe00000)
  to   space 20480K, 0% used [0x00000000e9a00000,0x00000000e9a00000,0x00000000eae00000)
 ParOldGen       total 160768K, used 35219K [0x00000000a0000000, 0x00000000a9d00000, 0x00000000e0000000)
  object space 160768K, 21% used [0x00000000a0000000,0x00000000a2264fb0,0x00000000a9d00000)
 Metaspace       used 57019K, capacity 58918K, committed 59028K, reserved 1099776K
  class space    used 7688K, capacity 8144K, committed 8192K, reserved 1048576K
}

